<?xml version="1.0" encoding="UTF-8"?>
<!-- Generated by org.testng.reporters.JUnitReportReporter -->
<testsuite hostname="LTIN264204" failures="0" tests="6" name="TestCases.TC001_beCognizant" time="426.571" errors="0" timestamp="2024-02-13T12:22:53 IST" skipped="0">
  <testcase classname="TestCases.TC001_beCognizant" name="userVerification" time="65.994"/>
  <testcase classname="TestCases.TC001_beCognizant" name="userVerification" time="63.770"/>
  <testcase classname="TestCases.TC001_beCognizant" name="oneCognizantFunctions" time="12.655"/>
  <testcase classname="TestCases.TC001_beCognizant" name="oneCognizantFunctions" time="12.737"/>
  <testcase classname="TestCases.TC001_beCognizant" name="timeSheetNavigation" time="133.492"/>
  <testcase classname="TestCases.TC001_beCognizant" name="timeSheetNavigation" time="137.923"/>
</testsuite> <!-- TestCases.TC001_beCognizant -->
